
> testods@1.0.0 build-storybook
> storybook build --output-dir=/var/folders/ck/4fhhnwb54wq2bnsv5_sbk76c0000gn/T/chromatic--62313-RlLSU0EcIvn3 --webpack-stats-json=/var/folders/ck/4fhhnwb54wq2bnsv5_sbk76c0000gn/T/chromatic--62313-RlLSU0EcIvn3

@storybook/core v8.3.7

info => Cleaning outputDir: ../../../var/folders/ck/4fhhnwb54wq2bnsv5_sbk76c0000gn/T/chromatic--62313-RlLSU0EcIvn3
info => Loading presets
info => Building manager..
info => Manager built (65 ms)
info => Building preview..
[36mvite v5.4.21 [32mbuilding for production...[36m[39m
transforming...
[32m✓[39m 176 modules transformed.
rendering chunks...
[2m../../../var/folders/ck/4fhhnwb54wq2bnsv5_sbk76c0000gn/T/chromatic--62313-RlLSU0EcIvn3/[22m[32miframe.html                        [39m[1m[2m 16.17 kB[22m[1m[22m
[2m../../../var/folders/ck/4fhhnwb54wq2bnsv5_sbk76c0000gn/T/chromatic--62313-RlLSU0EcIvn3/[22m[2massets/[22m[35mHeader-Ck-SSN7O.css         [39m[1m[2m  0.51 kB[22m[1m[22m
[2m../../../var/folders/ck/4fhhnwb54wq2bnsv5_sbk76c0000gn/T/chromatic--62313-RlLSU0EcIvn3/[22m[2massets/[22m[35mButton-BqQVYHtK.css         [39m[1m[2m  0.52 kB[22m[1m[22m
[2m../../../var/folders/ck/4fhhnwb54wq2bnsv5_sbk76c0000gn/T/chromatic--62313-RlLSU0EcIvn3/[22m[2massets/[22m[35mPage-DBaC2xQA.css           [39m[1m[2m  0.93 kB[22m[1m[22m
[2m../../../var/folders/ck/4fhhnwb54wq2bnsv5_sbk76c0000gn/T/chromatic--62313-RlLSU0EcIvn3/[22m[2massets/[22m[36mpreview-CIRcjyVj.js         [39m[1m[2m  0.11 kB[22m[1m[22m
[2m../../../var/folders/ck/4fhhnwb54wq2bnsv5_sbk76c0000gn/T/chromatic--62313-RlLSU0EcIvn3/[22m[2massets/[22m[36mpreview-DfTudP20.js         [39m[1m[2m  0.16 kB[22m[1m[22m
[2m../../../var/folders/ck/4fhhnwb54wq2bnsv5_sbk76c0000gn/T/chromatic--62313-RlLSU0EcIvn3/[22m[2massets/[22m[36mpreview-_4W387yd.js         [39m[1m[2m  0.16 kB[22m[1m[22m
[2m../../../var/folders/ck/4fhhnwb54wq2bnsv5_sbk76c0000gn/T/chromatic--62313-RlLSU0EcIvn3/[22m[2massets/[22m[36mpreview-caVMbCIR.js         [39m[1m[2m  0.69 kB[22m[1m[22m
[2m../../../var/folders/ck/4fhhnwb54wq2bnsv5_sbk76c0000gn/T/chromatic--62313-RlLSU0EcIvn3/[22m[2massets/[22m[36mHeader.stories-CJpNHisp.js  [39m[1m[2m  0.73 kB[22m[1m[22m
[2m../../../var/folders/ck/4fhhnwb54wq2bnsv5_sbk76c0000gn/T/chromatic--62313-RlLSU0EcIvn3/[22m[2massets/[22m[36mindex-DrFu-skq.js           [39m[1m[2m  0.77 kB[22m[1m[22m
[2m../../../var/folders/ck/4fhhnwb54wq2bnsv5_sbk76c0000gn/T/chromatic--62313-RlLSU0EcIvn3/[22m[2massets/[22m[36mreact-18-DquAcLtK.js        [39m[1m[2m  0.87 kB[22m[1m[22m
[2m../../../var/folders/ck/4fhhnwb54wq2bnsv5_sbk76c0000gn/T/chromatic--62313-RlLSU0EcIvn3/[22m[2massets/[22m[36mButton.stories-Bxxe-WEb.js  [39m[1m[2m  1.23 kB[22m[1m[22m
[2m../../../var/folders/ck/4fhhnwb54wq2bnsv5_sbk76c0000gn/T/chromatic--62313-RlLSU0EcIvn3/[22m[2massets/[22m[36mButton-EY1b3Ij-.js          [39m[1m[2m  1.30 kB[22m[1m[22m
[2m../../../var/folders/ck/4fhhnwb54wq2bnsv5_sbk76c0000gn/T/chromatic--62313-RlLSU0EcIvn3/[22m[2massets/[22m[36mHeader-YYkywGFI.js          [39m[1m[2m  1.36 kB[22m[1m[22m
[2m../../../var/folders/ck/4fhhnwb54wq2bnsv5_sbk76c0000gn/T/chromatic--62313-RlLSU0EcIvn3/[22m[2massets/[22m[36mpreview-SboqveVF.js         [39m[1m[2m  2.47 kB[22m[1m[22m
[2m../../../var/folders/ck/4fhhnwb54wq2bnsv5_sbk76c0000gn/T/chromatic--62313-RlLSU0EcIvn3/[22m[2massets/[22m[36mPage.stories-Dm8MmY8w.js    [39m[1m[2m  3.39 kB[22m[1m[22m
[2m../../../var/folders/ck/4fhhnwb54wq2bnsv5_sbk76c0000gn/T/chromatic--62313-RlLSU0EcIvn3/[22m[2massets/[22m[36mpreview-1xJJ3sKE.js         [39m[1m[2m  3.39 kB[22m[1m[22m
[2m../../../var/folders/ck/4fhhnwb54wq2bnsv5_sbk76c0000gn/T/chromatic--62313-RlLSU0EcIvn3/[22m[2massets/[22m[36miframe-qivYK7EZ.js          [39m[1m[2m  4.09 kB[22m[1m[22m
[2m../../../var/folders/ck/4fhhnwb54wq2bnsv5_sbk76c0000gn/T/chromatic--62313-RlLSU0EcIvn3/[22m[2massets/[22m[36mpreview-ncvtW_hb.js         [39m[1m[2m  4.84 kB[22m[1m[22m
[2m../../../var/folders/ck/4fhhnwb54wq2bnsv5_sbk76c0000gn/T/chromatic--62313-RlLSU0EcIvn3/[22m[2massets/[22m[36mindex-BguaAu3g.js           [39m[1m[2m  6.84 kB[22m[1m[22m
[2m../../../var/folders/ck/4fhhnwb54wq2bnsv5_sbk76c0000gn/T/chromatic--62313-RlLSU0EcIvn3/[22m[2massets/[22m[36mpreview-BWzBA1C2.js         [39m[1m[2m  7.62 kB[22m[1m[22m
[2m../../../var/folders/ck/4fhhnwb54wq2bnsv5_sbk76c0000gn/T/chromatic--62313-RlLSU0EcIvn3/[22m[2massets/[22m[36mpreview-DTyQTpzx.js         [39m[1m[2m  8.07 kB[22m[1m[22m
[2m../../../var/folders/ck/4fhhnwb54wq2bnsv5_sbk76c0000gn/T/chromatic--62313-RlLSU0EcIvn3/[22m[2massets/[22m[36mentry-preview-D82TVzo3.js   [39m[1m[2m172.99 kB[22m[1m[22m
[2m../../../var/folders/ck/4fhhnwb54wq2bnsv5_sbk76c0000gn/T/chromatic--62313-RlLSU0EcIvn3/[22m[2massets/[22m[36mindex-4ftrzb6o.js           [39m[1m[33m542.51 kB[39m[22m
[32m✓ built in 726ms[39m
info => Preview built (795 ms)
info => preview stats written to /var/folders/ck/4fhhnwb54wq2bnsv5_sbk76c0000gn/T/chromatic--62313-RlLSU0EcIvn3/preview-stats.json
info => Output directory: /var/folders/ck/4fhhnwb54wq2bnsv5_sbk76c0000gn/T/chromatic--62313-RlLSU0EcIvn3
